Using pre-set license
Built from '2020.3/release' branch; Version is '2020.3.1f1 (77a89f25062f) revision 7841951'; Using compiler version '192528614'; Build Type 'Release'
OS: 'Windows 10 Pro; OS build 19044.1387; Version 2009; 64bit' Language: 'fi' Physical Memory: 16261 MB
BatchMode: 1, IsHumanControllingUs: 0, StartBugReporterOnCrash: 0, Is64bit: 1, IsPro: 0

 COMMAND LINE ARGUMENTS:
C:\Program Files\Unity\Hub\Editor\2020.3.1f1\Editor\Unity.exe
-adb2
-batchMode
-noUpm
-name
AssetImportWorker0
-projectPath
C:/Users/Omistaja/project_game
-logFile
Logs/AssetImportWorker0.log
-srvPort
57746
Successfully changed project path to: C:/Users/Omistaja/project_game
C:/Users/Omistaja/project_game
Using Asset Import Pipeline V2.
Refreshing native plugins compatible for Editor in 49.91 ms, found 1 plugins.
Preloading 0 native plugins for Editor in 0.00 ms.
Initialize engine version: 2020.3.1f1 (77a89f25062f)
[Subsystems] Discovering subsystems at path C:/Program Files/Unity/Hub/Editor/2020.3.1f1/Editor/Data/Resources/UnitySubsystems
[Subsystems] Discovering subsystems at path C:/Users/Omistaja/project_game/Assets
GfxDevice: creating device client; threaded=0
Direct3D:
    Version:  Direct3D 11.0 [level 11.0]
    Renderer: NVIDIA Quadro K2200 (ID=0x13ba)
    Vendor:   
    VRAM:     4035 MB
    Driver:   10.18.13.5330
Initialize mono
Mono path[0] = 'C:/Program Files/Unity/Hub/Editor/2020.3.1f1/Editor/Data/Managed'
Mono path[1] = 'C:/Program Files/Unity/Hub/Editor/2020.3.1f1/Editor/Data/MonoBleedingEdge/lib/mono/unityjit'
Mono config path = 'C:/Program Files/Unity/Hub/Editor/2020.3.1f1/Editor/Data/MonoBleedingEdge/etc'
Using monoOptions --debugger-agent=transport=dt_socket,embedding=1,server=y,suspend=n,address=127.0.0.1:56344
Begin MonoManager ReloadAssembly
Registering precompiled unity dll's ...
Register platform support module: C:/Program Files/Unity/Hub/Editor/2020.3.1f1/Editor/Data/PlaybackEngines/WebGLSupport/UnityEditor.WebGL.Extensions.dll
Register platform support module: C:/Program Files/Unity/Hub/Editor/2020.3.1f1/Editor/Data/PlaybackEngines/WindowsStandaloneSupport/UnityEditor.WindowsStandalone.Extensions.dll
Registered in 0.002848 seconds.
Native extension for WindowsStandalone target not found
Native extension for WebGL target not found
Refreshing native plugins compatible for Editor in 47.76 ms, found 1 plugins.
Preloading 0 native plugins for Editor in 0.00 ms.
Invoked RoslynAnalysisRunner static constructor.
RoslynAnalysisRunner will not be running.
RoslynAnalysisRunner has terminated.
Mono: successfully reloaded assembly
- Completed reload, in  2.409 seconds
Platform modules already initialized, skipping
Registering precompiled user dll's ...
Registered in 0.001033 seconds.
Begin MonoManager ReloadAssembly
Native extension for WindowsStandalone target not found
Native extension for WebGL target not found
Refreshing native plugins compatible for Editor in 47.85 ms, found 1 plugins.
Preloading 0 native plugins for Editor in 0.00 ms.
Invoked RoslynAnalysisRunner static constructor.
RoslynAnalysisRunner will not be running.
RoslynAnalysisRunner has terminated.
Mono: successfully reloaded assembly
- Completed reload, in  1.262 seconds
Platform modules already initialized, skipping
========================================================================
Worker process is ready to serve import requests
Launched and connected shader compiler UnityShaderCompiler.exe after 0.04 seconds
Refreshing native plugins compatible for Editor in 0.44 ms, found 1 plugins.
Preloading 0 native plugins for Editor in 0.00 ms.
Unloading 1820 Unused Serialized files (Serialized files now loaded: 0)
System memory in use before: 84.9 MB.
System memory in use after: 84.9 MB.

Unloading 24 unused Assets to reduce memory usage. Loaded Objects now: 2263.
Total: 2.286400 ms (FindLiveObjects: 0.193800 ms CreateObjectMapping: 0.077800 ms MarkObjects: 1.861700 ms  DeleteObjects: 0.151800 ms)

========================================================================
Received Import Request.
  path: Assets/Scripts/GameController.cs
  artifactKey: Guid(338eb87cea2ccd64395796050d462441) Importer(815301076,1909f56bfc062723c751e8b465ee728b)
Start importing Assets/Scripts/GameController.cs using Guid(338eb87cea2ccd64395796050d462441) Importer(815301076,1909f56bfc062723c751e8b465ee728b)  -> (artifact id: '97c251d27df13c6bf7d4d1ed0447fad9') in 0.040932 seconds
  Import took 0.044789 seconds .

========================================================================
Received Import Request.
  Time since last request: 821.051065 seconds.
  path: Assets/Scenes/Game Over.unity
  artifactKey: Guid(ffebd0e51b976714a991c5b7f5b6a95c) Importer(815301076,1909f56bfc062723c751e8b465ee728b)
Start importing Assets/Scenes/Game Over.unity using Guid(ffebd0e51b976714a991c5b7f5b6a95c) Importer(815301076,1909f56bfc062723c751e8b465ee728b)  -> (artifact id: 'ad1d774bbdce81c0c1876bf254246a8b') in 0.024346 seconds
  Import took 0.028469 seconds .

========================================================================
Received Import Request.
  Time since last request: 154.435929 seconds.
  path: Assets/Scenes/Main Menu.unity
  artifactKey: Guid(cf407ab5023791d479ebad947fadf975) Importer(815301076,1909f56bfc062723c751e8b465ee728b)
Start importing Assets/Scenes/Main Menu.unity using Guid(cf407ab5023791d479ebad947fadf975) Importer(815301076,1909f56bfc062723c751e8b465ee728b)  -> (artifact id: '095df29e100206403b4d8abbdc557ab1') in 0.010622 seconds
  Import took 0.014707 seconds .

========================================================================
Received Import Request.
  Time since last request: 0.000432 seconds.
  path: Assets/Scenes/Main Menu.unity
  artifactKey: Guid(cf407ab5023791d479ebad947fadf975) Importer(815301076,1909f56bfc062723c751e8b465ee728b)
Start importing Assets/Scenes/Main Menu.unity using Guid(cf407ab5023791d479ebad947fadf975) Importer(815301076,1909f56bfc062723c751e8b465ee728b)  -> (artifact id: '095df29e100206403b4d8abbdc557ab1') in 0.004409 seconds
  Import took 0.007873 seconds .

========================================================================
Received Import Request.
  Time since last request: 2.361810 seconds.
  path: Assets/Scenes/Game.unity
  artifactKey: Guid(b5969008b8960c94a9967ba2d37fcb35) Importer(815301076,1909f56bfc062723c751e8b465ee728b)
Start importing Assets/Scenes/Game.unity using Guid(b5969008b8960c94a9967ba2d37fcb35) Importer(815301076,1909f56bfc062723c751e8b465ee728b)  -> (artifact id: '344fedd418be775908b183657d434380') in 0.010717 seconds
  Import took 0.014314 seconds .

========================================================================
Received Prepare
Refreshing native plugins compatible for Editor in 4.07 ms, found 1 plugins.
Preloading 0 native plugins for Editor in 0.00 ms.
Unloading 10 Unused Serialized files (Serialized files now loaded: 0)
System memory in use before: 49.0 MB.
System memory in use after: 49.0 MB.

Unloading 10 unused Assets to reduce memory usage. Loaded Objects now: 2263.
Total: 3.081000 ms (FindLiveObjects: 0.192400 ms CreateObjectMapping: 0.078700 ms MarkObjects: 2.677900 ms  DeleteObjects: 0.130700 ms)

========================================================================
Received Prepare
Refreshing native plugins compatible for Editor in 5.64 ms, found 1 plugins.
Preloading 0 native plugins for Editor in 0.00 ms.
Unloading 10 Unused Serialized files (Serialized files now loaded: 0)
System memory in use before: 49.0 MB.
System memory in use after: 49.0 MB.

Unloading 10 unused Assets to reduce memory usage. Loaded Objects now: 2263.
Total: 3.436300 ms (FindLiveObjects: 0.201200 ms CreateObjectMapping: 0.188400 ms MarkObjects: 2.915200 ms  DeleteObjects: 0.130100 ms)

AssetImportWorkerClient::OnTransportError - code=2 error=End of file
